<?xml version="1.0" encoding="UTF-8"?>
<!-- Generated by org.testng.reporters.JUnitXMLReporter -->
<testsuite hostname="DESKTOP-R2KE26K" ignored="0" name="Edge Test" tests="1" failures="1" timestamp="2020-11-21T11:13:59 IST" time="13.862" errors="0">
  <testcase name="verifySearchProduct" time="3.766" classname="in.amazon.tests.AmazonHomepageTest">
    <failure type="java.lang.AssertionError" message="expected [1-48 of over 10,000 results for &amp;quot;apple watch&amp;quot;] but found [1-24 of over 2,000 results for &amp;quot;Apple Watch&amp;quot;
Sort by:
        
            Featured
        
            Price: Low to High
        
            Price: High to Low
        
            Avg. Customer Review
        
            Newest Arrivals
        
    Sort by:Featured]">
      <![CDATA[java.lang.AssertionError: expected [1-48 of over 10,000 results for "apple watch"] but found [1-24 of over 2,000 results for "Apple Watch"
Sort by:
        
            Featured
        
            Price: Low to High
        
            Price: High to Low
        
            Avg. Customer Review
        
            Newest Arrivals
        
    Sort by:Featured]
at in.amazon.tests.AmazonHomepageTest.verifySearchProduct(AmazonHomepageTest.java:26)
at java.util.ArrayList.forEach(Unknown Source)
at java.util.concurrent.FutureTask.run(Unknown Source)
at java.util.concurrent.ThreadPoolExecutor.runWorker(Unknown Source)
at java.util.concurrent.ThreadPoolExecutor$Worker.run(Unknown Source)
at java.lang.Thread.run(Unknown Source)
... Removed 23 stack frames]]>
    </failure>
  </testcase> <!-- verifySearchProduct -->
</testsuite> <!-- Edge Test -->
